Using existing .env
Attaching to drachtio-1, dragonpbx-1, dragonpbx-ui-1, redis-1, rtpengine-1
redis-1         | 1:C 22 Mar 2026 10:00:07.896 * oO0OoO0OoO0Oo Redis is starting oO0OoO0OoO0Oo
redis-1         | 1:C 22 Mar 2026 10:00:07.896 * Redis version=7.4.8, bits=64, commit=00000000, modified=0, pid=1, just started
redis-1         | 1:C 22 Mar 2026 10:00:07.896 # Warning: no config file specified, using the default config. In order to specify a config file use redis-server /path/to/redis.conf
redis-1         | 1:M 22 Mar 2026 10:00:07.897 * monotonic clock: POSIX clock_gettime
redis-1         | 1:M 22 Mar 2026 10:00:07.897 * Running mode=standalone, port=6379.
redis-1         | 1:M 22 Mar 2026 10:00:07.898 * Server initialized
redis-1         | 1:M 22 Mar 2026 10:00:07.898 * Loading RDB produced by version 7.4.8
redis-1         | 1:M 22 Mar 2026 10:00:07.898 * RDB age 32 seconds
redis-1         | 1:M 22 Mar 2026 10:00:07.898 * RDB memory usage when created 0.98 Mb
redis-1         | 1:M 22 Mar 2026 10:00:07.898 * Done loading RDB, keys loaded: 0, keys expired: 0.
redis-1         | 1:M 22 Mar 2026 10:00:07.898 * DB loaded from disk: 0.000 seconds
redis-1         | 1:M 22 Mar 2026 10:00:07.898 * Ready to accept connections tcp
dragonpbx-ui-1  |  info: ·• Auto-migrating...  (alter)
dragonpbx-ui-1  |  info:    Hold tight, this could take a moment.
dragonpbx-ui-1  |  info:  ✓ Auto-migration complete.
dragonpbx-ui-1  | 
dragonpbx-ui-1  |  info: 
dragonpbx-ui-1  |  info:                .-..-.
dragonpbx-ui-1  |  info: 
dragonpbx-ui-1  |  info:    Sails              <|    .-..-.
dragonpbx-ui-1  |  info:    v1.5.15             |\
dragonpbx-ui-1  |  info:                       /|.\
dragonpbx-ui-1  |  info:                      / || \
dragonpbx-ui-1  |  info:                    ,'  |'  \
dragonpbx-ui-1  |  info:                 .-'.-==|/_--'
dragonpbx-ui-1  |  info:                 `--'-------' 
dragonpbx-ui-1  |  info:    __---___--___---___--___---___--___
dragonpbx-ui-1  |  info:  ____---___--___---___--___---___--___-__
dragonpbx-ui-1  |  info: 
dragonpbx-ui-1  |  info: Server lifted in `/app`
dragonpbx-ui-1  |  info: To shut down Sails, press <CTRL> + C at any time.
dragonpbx-ui-1  |  info: Read more at https://sailsjs.com/support.
dragonpbx-ui-1  | 
dragonpbx-ui-1  | 
dragonpbx-1     | using DATA SOURCE as api
dragonpbx-1     | Loglevel is info
dragonpbx-1     | API listening on port 2999
dragonpbx-1     | {"level":30, "time": "2026-03-22T10:00:08.916Z","msg":"Successfully connected to drachtio server"}
dragonpbx-1     | {"level":30, "time": "2026-03-22T10:00:08.916Z","msg":"172.18.0.2:5060"}
dragonpbx-1     | {"level":30, "time": "2026-03-22T10:00:08.916Z","tcp":"172.18.0.2:5060","udp":"172.18.0.2:5060","msg":"Drachtio server hostports"}
dragonpbx-1     | {"level":30, "time": "2026-03-22T10:00:08.917Z","msg":"0 regtrunks removed from redis"}
[Kdragonpbx-1 exited with code 1
dragonpbx-1     | using DATA SOURCE as api
dragonpbx-1     | Loglevel is info
dragonpbx-1     | API listening on port 2999
dragonpbx-1     | {"level":30, "time": "2026-03-22T10:00:09.357Z","msg":"Successfully connected to drachtio server"}
dragonpbx-1     | {"level":30, "time": "2026-03-22T10:00:09.357Z","msg":"172.18.0.2:5060"}
dragonpbx-1     | {"level":30, "time": "2026-03-22T10:00:09.357Z","tcp":"172.18.0.2:5060","udp":"172.18.0.2:5060","msg":"Drachtio server hostports"}
dragonpbx-1     | {"level":30, "time": "2026-03-22T10:00:09.357Z","msg":"0 regtrunks removed from redis"}
[Kdragonpbx-1 exited with code 1
dragonpbx-1     | using DATA SOURCE as api
dragonpbx-1     | Loglevel is info
dragonpbx-1     | API listening on port 2999
dragonpbx-1     | {"level":30, "time": "2026-03-22T10:00:09.908Z","msg":"Successfully connected to drachtio server"}
dragonpbx-1     | {"level":30, "time": "2026-03-22T10:00:09.908Z","msg":"172.18.0.2:5060"}
dragonpbx-1     | {"level":30, "time": "2026-03-22T10:00:09.908Z","tcp":"172.18.0.2:5060","udp":"172.18.0.2:5060","msg":"Drachtio server hostports"}
dragonpbx-1     | {"level":30, "time": "2026-03-22T10:00:09.909Z","msg":"0 regtrunks removed from redis"}
[Kdragonpbx-1 exited with code 1
